app/build/outputs/logs/manifest-merger-debug-report.txt
-- Merging decision tree log ---
manifest
ADDED from src/main/AndroidManifest.xml:18:1-97:12
INJECTED from src/main/AndroidManifest.xml:18:1-97:12
INJECTED from src/main/AndroidManifest.xml:18:1-97:12
INJECTED from src/main/AndroidManifest.xml:18:1-97:12
MERGED from [io.reactivex.rxjava2:rxandroid:2.0.2] AndroidManifest.xml:15:1-21:12
INJECTED from src/main/AndroidManifest.xml:18:1-97:12
INJECTED from src/main/AndroidManifest.xml:18:1-97:12
INJECTED from src/main/AndroidManifest.xml:18:1-97:12
	package
		ADDED from src/main/AndroidManifest.xml:19:5-33
		INJECTED from src/main/AndroidManifest.xml
		INJECTED from src/main/AndroidManifest.xml
	android:versionName
		ADDED from src/main/AndroidManifest.xml:21:5-30
		INJECTED from src/main/AndroidManifest.xml
		INJECTED from src/main/AndroidManifest.xml
	xmlns:android
		ADDED from src/main/AndroidManifest.xml:18:11-69
	android:versionCode
		ADDED from src/main/AndroidManifest.xml:20:5-28
		INJECTED from src/main/AndroidManifest.xml
		INJECTED from src/main/AndroidManifest.xml
uses-permission#android.permission.INTERNET
ADDED from src/main/AndroidManifest.xml:23:5-67
	android:name
		ADDED from src/main/AndroidManifest.xml:23:22-64
uses-sdk
ADDED from src/main/AndroidManifest.xml:25:5-27:41
INJECTED from src/main/AndroidManifest.xml:25:5-27:41
INJECTED from src/main/AndroidManifest.xml:25:5-27:41
MERGED from [io.reactivex.rxjava2:rxandroid:2.0.2] AndroidManifest.xml:19:5-43
MERGED from [io.reactivex.rxjava2:rxandroid:2.0.2] AndroidManifest.xml:19:5-43
INJECTED from src/main/AndroidManifest.xml:25:5-27:41
INJECTED from src/main/AndroidManifest.xml:25:5-27:41
	android:targetSdkVersion
		ADDED from src/main/AndroidManifest.xml:27:9-38
		INJECTED from src/main/AndroidManifest.xml
		INJECTED from src/main/AndroidManifest.xml
	android:minSdkVersion
		ADDED from src/main/AndroidManifest.xml:26:9-34
		INJECTED from src/main/AndroidManifest.xml
		INJECTED from src/main/AndroidManifest.xml
application
ADDED from src/main/AndroidManifest.xml:29:5-95:19
	android:label
		ADDED from src/main/AndroidManifest.xml:31:9-31
	android:icon
		ADDED from src/main/AndroidManifest.xml:30:9-38
provider#com.stoyanr.feeder.content.MainContentProvider
ADDED from src/main/AndroidManifest.xml:32:9-34:64
	android:authorities
		ADDED from src/main/AndroidManifest.xml:34:13-61
	android:name
		ADDED from src/main/AndroidManifest.xml:33:13-56
activity#com.stoyanr.feeder.activity.ChannelsActivity
ADDED from src/main/AndroidManifest.xml:36:9-53:20
	android:label
		ADDED from src/main/AndroidManifest.xml:38:13-45
	android:name
		ADDED from src/main/AndroidManifest.xml:37:13-54
intent-filter#action:name:android.intent.action.MAIN+category:name:android.intent.category.LAUNCHER
ADDED from src/main/AndroidManifest.xml:39:13-43:29
action#android.intent.action.MAIN
ADDED from src/main/AndroidManifest.xml:40:17-69
	android:name
		ADDED from src/main/AndroidManifest.xml:40:25-66
category#android.intent.category.LAUNCHER
ADDED from src/main/AndroidManifest.xml:42:17-77
	android:name
		ADDED from src/main/AndroidManifest.xml:42:27-74
intent-filter#action:name:android.intent.action.EDIT+action:name:android.intent.action.PICK+action:name:android.intent.action.VIEW+category:name:android.intent.category.DEFAULT+data:mimeType:vnd.android.cursor.dir/vnd.feeder.channel
ADDED from src/main/AndroidManifest.xml:44:13-52:29
	android:label
		ADDED from src/main/AndroidManifest.xml:44:28-57
action#android.intent.action.VIEW
ADDED from src/main/AndroidManifest.xml:45:17-69
	android:name
		ADDED from src/main/AndroidManifest.xml:45:25-66
action#android.intent.action.PICK
ADDED from src/main/AndroidManifest.xml:46:17-69
	android:name
		ADDED from src/main/AndroidManifest.xml:46:25-66
action#android.intent.action.EDIT
ADDED from src/main/AndroidManifest.xml:47:17-69
	android:name
		ADDED from src/main/AndroidManifest.xml:47:25-66
category#android.intent.category.DEFAULT
ADDED from src/main/AndroidManifest.xml:49:17-76
	android:name
		ADDED from src/main/AndroidManifest.xml:49:27-73
data
ADDED from src/main/AndroidManifest.xml:51:17-86
	android:mimeType
		ADDED from src/main/AndroidManifest.xml:51:23-83
activity#com.stoyanr.feeder.activity.AddChannelActivity
ADDED from src/main/AndroidManifest.xml:54:9-65:20
	android:label
		ADDED from src/main/AndroidManifest.xml:57:13-45
	android:configChanges
		ADDED from src/main/AndroidManifest.xml:56:13-63
	android:name
		ADDED from src/main/AndroidManifest.xml:55:13-56
intent-filter#action:name:android.intent.action.INSERT+category:name:android.intent.category.DEFAULT+data:mimeType:vnd.android.cursor.dir/vnd.feeder.channel
ADDED from src/main/AndroidManifest.xml:58:13-64:29
	android:label
		ADDED from src/main/AndroidManifest.xml:58:28-55
action#android.intent.action.INSERT
ADDED from src/main/AndroidManifest.xml:59:17-71
	android:name
		ADDED from src/main/AndroidManifest.xml:59:25-68
activity#com.stoyanr.feeder.activity.ItemsActivity
ADDED from src/main/AndroidManifest.xml:66:9-76:20
	android:label
		ADDED from src/main/AndroidManifest.xml:68:13-45
	android:name
		ADDED from src/main/AndroidManifest.xml:67:13-51
intent-filter#action:name:android.intent.action.VIEW+category:name:android.intent.category.DEFAULT+data:mimeType:vnd.android.cursor.dir/vnd.feeder.item
ADDED from src/main/AndroidManifest.xml:69:13-75:29
	android:label
		ADDED from src/main/AndroidManifest.xml:69:28-62
activity#com.stoyanr.feeder.activity.ViewItemActivity
ADDED from src/main/AndroidManifest.xml:77:9-87:20
	android:label
		ADDED from src/main/AndroidManifest.xml:79:13-45
	android:name
		ADDED from src/main/AndroidManifest.xml:78:13-54
intent-filter#action:name:android.intent.action.VIEW+category:name:android.intent.category.DEFAULT+data:mimeType:vnd.android.cursor.item/vnd.feeder.item
ADDED from src/main/AndroidManifest.xml:80:13-86:29
	android:label
		ADDED from src/main/AndroidManifest.xml:80:28-53
activity#com.stoyanr.feeder.activity.SettingsActivity
ADDED from src/main/AndroidManifest.xml:88:9-92:20
	android:label
		ADDED from src/main/AndroidManifest.xml:90:13-45
	android:windowSoftInputMode
		ADDED from src/main/AndroidManifest.xml:91:13-54
	android:name
		ADDED from src/main/AndroidManifest.xml:89:13-54
service#com.stoyanr.feeder.service.MainService
ADDED from src/main/AndroidManifest.xml:94:9-56
	android:name
		ADDED from src/main/AndroidManifest.xml:94:18-53